This is pdfTeX, Version 3.14159265-2.6-1.40.19 (TeX Live 2018) (preloaded format=pdflatex 2018.12.3)  7 MAR 2019 16:31
entering extended mode
 restricted \write18 enabled.
 %&-line parsing enabled.
**QS-ZW.tex
(./QS-ZW.tex
LaTeX2e <2018-04-01> patch level 5
(./agujournal2018.cls
Document Class: agujournal2018 08/23/2018
(/home/elio/.TinyTeX/texmf-dist/tex/latex/graphics/graphicx.sty
Package: graphicx 2017/06/01 v1.1a Enhanced LaTeX Graphics (DPC,SPQR)
(/home/elio/.TinyTeX/texmf-dist/tex/latex/graphics/keyval.sty
Package: keyval 2014/10/28 v1.15 key=value parser (DPC)
\KV@toks@=\toks14
) (/home/elio/.TinyTeX/texmf-dist/tex/latex/graphics/graphics.sty
Package: graphics 2017/06/25 v1.2c Standard LaTeX Graphics (DPC,SPQR)
(/home/elio/.TinyTeX/texmf-dist/tex/latex/graphics/trig.sty
Package: trig 2016/01/03 v1.10 sin cos tan (DPC)
) (/home/elio/.TinyTeX/texmf-dist/tex/latex/graphics-cfg/graphics.cfg
File: graphics.cfg 2016/06/04 v1.11 sample graphics configuration
)
Package graphics Info: Driver file: pdftex.def on input line 99.
(/home/elio/.TinyTeX/texmf-dist/tex/latex/graphics-def/pdftex.def
File: pdftex.def 2018/01/08 v1.0l Graphics/color driver for pdftex
))
\Gin@req@height=\dimen102
\Gin@req@width=\dimen103
) (/home/elio/.TinyTeX/texmf-dist/tex/latex/xcolor/xcolor.sty
Package: xcolor 2016/05/11 v2.12 LaTeX color extensions (UK)
(/home/elio/.TinyTeX/texmf-dist/tex/latex/graphics-cfg/color.cfg
File: color.cfg 2016/01/02 v1.6 sample color configuration
)
Package xcolor Info: Driver file: pdftex.def on input line 225.
Package xcolor Info: Model `cmy' substituted by `cmy0' on input line 1348.
Package xcolor Info: Model `hsb' substituted by `rgb' on input line 1352.
Package xcolor Info: Model `RGB' extended on input line 1364.
Package xcolor Info: Model `HTML' substituted by `rgb' on input line 1366.
Package xcolor Info: Model `Hsb' substituted by `hsb' on input line 1367.
Package xcolor Info: Model `tHsb' substituted by `hsb' on input line 1368.
Package xcolor Info: Model `HSB' substituted by `hsb' on input line 1369.
Package xcolor Info: Model `Gray' substituted by `gray' on input line 1370.
Package xcolor Info: Model `wave' substituted by `hsb' on input line 1371.
) (/home/elio/.TinyTeX/texmf-dist/tex/latex/url/url.sty
\Urlmuskip=\muskip10
Package: url 2013/09/16  ver 3.4  Verb mode for urls, etc.
) (./trackchanges.sty
Package: trackchanges 2009/04/22 v0.7.0 TrackChanges file 
(/home/elio/.TinyTeX/texmf-dist/tex/latex/base/ifthen.sty
Package: ifthen 2014/09/29 v1.1c Standard LaTeX ifthen package (DPC)
) (/home/elio/.TinyTeX/texmf-dist/tex/latex/tools/calc.sty
Package: calc 2017/05/25 v4.3 Infix arithmetic (KKT,FJ)
\calc@Acount=\count80
\calc@Bcount=\count81
\calc@Adimen=\dimen104
\calc@Bdimen=\dimen105
\calc@Askip=\skip41
\calc@Bskip=\skip42
LaTeX Info: Redefining \setlength on input line 80.
LaTeX Info: Redefining \addtolength on input line 81.
\calc@Ccount=\count82
\calc@Cskip=\skip43
) (/home/elio/.TinyTeX/texmf-dist/tex/latex/soul/soul.sty
Package: soul 2003/11/17 v2.4 letterspacing/underlining (mf)
\SOUL@word=\toks15
\SOUL@lasttoken=\toks16
\SOUL@cmds=\toks17
\SOUL@buffer=\toks18
\SOUL@token=\toks19
\SOUL@spaceskip=\skip44
\SOUL@ttwidth=\dimen106
\SOUL@uldp=\dimen107
\SOUL@ulht=\dimen108
) (/home/elio/.TinyTeX/texmf-dist/tex/latex/morefloats/morefloats.sty
Package: morefloats 2015/07/22 v1.0h Raise limit of unprocessed floats (HMM)
(/home/elio/.TinyTeX/texmf-dist/tex/latex/oberdiek/kvoptions.sty
Package: kvoptions 2016/05/16 v3.12 Key value format for package options (HO)
(/home/elio/.TinyTeX/texmf-dist/tex/generic/oberdiek/ltxcmds.sty
Package: ltxcmds 2016/05/16 v1.23 LaTeX kernel commands for general use (HO)
) (/home/elio/.TinyTeX/texmf-dist/tex/generic/oberdiek/kvsetkeys.sty
Package: kvsetkeys 2016/05/16 v1.17 Key value parser (HO)
(/home/elio/.TinyTeX/texmf-dist/tex/generic/oberdiek/infwarerr.sty
Package: infwarerr 2016/05/16 v1.4 Providing info/warning/error messages (HO)
) (/home/elio/.TinyTeX/texmf-dist/tex/generic/oberdiek/etexcmds.sty
Package: etexcmds 2016/05/16 v1.6 Avoid name clashes with e-TeX commands (HO)
(/home/elio/.TinyTeX/texmf-dist/tex/generic/oberdiek/ifluatex.sty
Package: ifluatex 2016/05/16 v1.4 Provides the ifluatex switch (HO)
Package ifluatex Info: LuaTeX not detected.
)
Package etexcmds Info: Could not find \expanded.
(etexcmds)             That can mean that you are not using pdfTeX 1.50 or
(etexcmds)             that some package has redefined \expanded.
(etexcmds)             In the latter case, load this package earlier.
)))
Package morefloats Info: Maximum number of possible floats asked for: 36
(morefloats)             (i.e. 18 more floats).
(morefloats)             LaTeX might run out of memory before this
(morefloats)             (in which case it will notify you).
)
\c@userid=\count83
\c@changenumber=\count84
\c@storefootnote=\count85
\c@numeditors=\count86
\c@maxeditors=\count87
) (/home/elio/.TinyTeX/texmf-dist/tex/latex/lineno/lineno.sty
Package: lineno 2005/11/02 line numbers on paragraphs v4.41
\linenopenalty=\count88
\output=\toks20
\linenoprevgraf=\count89
\linenumbersep=\dimen109
\linenumberwidth=\dimen110
\c@linenumber=\count90
\c@pagewiselinenumber=\count91
\c@LN@truepage=\count92
\c@internallinenumber=\count93
\c@internallinenumbers=\count94
\quotelinenumbersep=\dimen111
\bframerule=\dimen112
\bframesep=\dimen113
\bframebox=\box26
LaTeX Info: Redefining \\ on input line 3056.
) (/home/elio/.TinyTeX/texmf-dist/tex/latex/tools/indentfirst.sty
Package: indentfirst 1995/11/23 v1.03 Indent first paragraph (DPC)
) (/home/elio/.TinyTeX/texmf-dist/tex/latex/ms/ragged2e.sty
Package: ragged2e 2009/05/21 v2.1 ragged2e Package (MS)
(/home/elio/.TinyTeX/texmf-dist/tex/latex/ms/everysel.sty
Package: everysel 2011/10/28 v1.2 EverySelectfont Package (MS)
)
\CenteringLeftskip=\skip45
\RaggedLeftLeftskip=\skip46
\RaggedRightLeftskip=\skip47
\CenteringRightskip=\skip48
\RaggedLeftRightskip=\skip49
\RaggedRightRightskip=\skip50
\CenteringParfillskip=\skip51
\RaggedLeftParfillskip=\skip52
\RaggedRightParfillskip=\skip53
\JustifyingParfillskip=\skip54
\CenteringParindent=\skip55
\RaggedLeftParindent=\skip56
\RaggedRightParindent=\skip57
\JustifyingParindent=\skip58
) (/home/elio/.TinyTeX/texmf-dist/tex/latex/graphics/rotating.sty
Package: rotating 2016/08/11 v2.16d rotated objects in LaTeX
\c@r@tfl@t=\count95
\rotFPtop=\skip59
\rotFPbot=\skip60
\rot@float@box=\box27
\rot@mess@toks=\toks21
) (/home/elio/.TinyTeX/texmf-dist/tex/generic/ulem/ulem.sty
\UL@box=\box28
\UL@hyphenbox=\box29
\UL@skip=\skip61
\UL@hook=\toks22
\UL@height=\dimen114
\UL@pe=\count96
\UL@pixel=\dimen115
\ULC@box=\box30
Package: ulem 2012/05/18
\ULdepth=\dimen116
)
\draftskip=\count97
\c@section=\count98
\c@subsection=\count99
\c@subsubsection=\count100
\c@paragraph=\count101
\c@subparagraph=\count102
\c@figure=\count103
\c@table=\count104
\abovecaptionskip=\skip62
\belowcaptionskip=\skip63
\c@appendnum=\count105
\bibindent=\dimen117
(/home/elio/.TinyTeX/texmf-dist/tex/latex/apacite/apacite.sty
Package: apacite 2013/07/21 v6.03 APA citation
\c@BibCnt=\count106
\bibleftmargin=\skip64
\bibindent=\skip65
\bibparsep=\skip66
\bibitemsep=\skip67
\biblabelsep=\skip68
) (/home/elio/.TinyTeX/texmf-dist/tex/latex/natbib/natbib.sty
Package: natbib 2010/09/13 8.31b (PWD, AO)
\bibhang=\skip69
\bibsep=\skip70
LaTeX Info: Redefining \cite on input line 694.
\c@NAT@ctr=\count107
)
LaTeX Info: Redefining \BBA on input line 1149.
) (/home/elio/.TinyTeX/texmf-dist/tex/latex/was/gensymb.sty
Package: gensymb 2003/07/02 v1.0 (WaS)
) (/home/elio/.TinyTeX/texmf-dist/tex/generic/oberdiek/soulutf8.sty
Package: soulutf8 2016/05/16 v1.1 Permit use of UTF-8 characters in soul (HO)
) (/home/elio/.TinyTeX/texmf-dist/tex/latex/subfig/subfig.sty
Package: subfig 2005/06/28 ver: 1.3 subfig package
(/home/elio/.TinyTeX/texmf-dist/tex/latex/caption/caption.sty
Package: caption 2018/10/06 v3.3-154 Customizing captions (AR)
(/home/elio/.TinyTeX/texmf-dist/tex/latex/caption/caption3.sty
Package: caption3 2018/09/12 v1.8c caption3 kernel (AR)
Package caption3 Info: TeX engine: e-TeX on input line 64.
\captionmargin=\dimen118
\captionmargin@=\dimen119
\captionwidth=\dimen120
\caption@tempdima=\dimen121
\caption@indent=\dimen122
\caption@parindent=\dimen123
\caption@hangindent=\dimen124
Package caption Info: Unknown document class (or package),
(caption)             standard defaults will be used.
)

Package caption Warning: Unsupported document class (or package) detected,
(caption)                usage of the caption package is not recommended.
See the caption package documentation for explanation.

Package caption Info: \@makecaption = \long macro:#1#2->{\small \ifx \@captype 
\xfigure \vskip \abovecaptionskip \fi {\ifturnofflinenums \else \ifnumlines \in
ternallinenumbers \fi \fi \sbox \@tempboxa {\bf #1.\quad \rm #2}\ifdim \wd \@te
mpboxa >.9\hsize \bf #1.\quad \rm \relax #2\par \else {\centering \bf #1.\rm \q
uad #2 \vskip 1sp} \fi } \ifx \@captype \xfigure \else \vskip \belowcaptionskip
 \fi }.
\c@caption@flags=\count108
\c@ContinuedFloat=\count109
Package caption Info: rotating package is loaded.
)
\c@KVtest=\count110
\sf@farskip=\skip71
\sf@captopadj=\dimen125
\sf@capskip=\skip72
\sf@nearskip=\skip73
\c@subfigure=\count111
\c@subfigure@save=\count112
\c@lofdepth=\count113
\c@subtable=\count114
\c@subtable@save=\count115
\c@lotdepth=\count116
\sf@top=\skip74
\sf@bottom=\skip75
) (./QS-ZW.aux)
\openout1 = `QS-ZW.aux'.

LaTeX Font Info:    Checking defaults for OML/cmm/m/it on input line 71.
LaTeX Font Info:    ... okay on input line 71.
LaTeX Font Info:    Checking defaults for T1/cmr/m/n on input line 71.
LaTeX Font Info:    ... okay on input line 71.
LaTeX Font Info:    Checking defaults for OT1/cmr/m/n on input line 71.
LaTeX Font Info:    ... okay on input line 71.
LaTeX Font Info:    Checking defaults for OMS/cmsy/m/n on input line 71.
LaTeX Font Info:    ... okay on input line 71.
LaTeX Font Info:    Checking defaults for OMX/cmex/m/n on input line 71.
LaTeX Font Info:    ... okay on input line 71.
LaTeX Font Info:    Checking defaults for U/cmr/m/n on input line 71.
LaTeX Font Info:    ... okay on input line 71.
(/home/elio/.TinyTeX/texmf-dist/tex/latex/oberdiek/epstopdf-base.sty
Package: epstopdf-base 2016/05/15 v2.6 Base part for package epstopdf
(/home/elio/.TinyTeX/texmf-dist/tex/latex/oberdiek/grfext.sty
Package: grfext 2016/05/16 v1.2 Manage graphics extensions (HO)
(/home/elio/.TinyTeX/texmf-dist/tex/generic/oberdiek/kvdefinekeys.sty
Package: kvdefinekeys 2016/05/16 v1.4 Define keys (HO)
)) (/home/elio/.TinyTeX/texmf-dist/tex/generic/oberdiek/pdftexcmds.sty
Package: pdftexcmds 2018/09/10 v0.29 Utility functions of pdfTeX for LuaTeX (HO
)
(/home/elio/.TinyTeX/texmf-dist/tex/generic/oberdiek/ifpdf.sty
Package: ifpdf 2018/09/07 v3.3 Provides the ifpdf switch
)
Package pdftexcmds Info: LuaTeX not detected.
Package pdftexcmds Info: \pdf@primitive is available.
Package pdftexcmds Info: \pdf@ifprimitive is available.
Package pdftexcmds Info: \pdfdraftmode found.
)
Package epstopdf-base Info: Redefining graphics rule for `.eps' on input line 4
38.
Package grfext Info: Graphics extension search list:
(grfext)             [.pdf,.png,.jpg,.mps,.jpeg,.jbig2,.jb2,.PDF,.PNG,.JPG,.JPE
G,.JBIG2,.JB2,.eps]
(grfext)             \AppendGraphicsExtensions on input line 456.
(/home/elio/.TinyTeX/texmf-dist/tex/latex/latexconfig/epstopdf-sys.cfg
File: epstopdf-sys.cfg 2010/07/13 v1.3 Configuration of (r)epstopdf for TeX Liv
e
))

Package trackchanges Warning: TrackChanges is not compatable with the 
(trackchanges)                'ulem' package.
(trackchanges)                Use the 'soul' package instead.

ABD: EverySelectfont initializing macros
LaTeX Info: Redefining \selectfont on input line 71.
\c@maskedRefs=\count117
(/home/elio/.TinyTeX/texmf-dist/tex/latex/apacite/english.apc
File: english.apc 2013/07/21 v6.03 apacite language file
LaTeX Info: Redefining \BPBI on input line 129.
LaTeX Info: Redefining \BHBI on input line 130.
)
LaTeX Info: Redefining \celsius on input line 71.
Package gensymb Info: Faking symbols for \degree and \celsius on input line 71.


Package gensymb Warning: Not defining \perthousand.

LaTeX Info: Redefining \ohm on input line 71.
Package gensymb Info: Using \Omega for \ohm on input line 71.

Package gensymb Warning: Not defining \micro.

Package caption Info: Begin \AtBeginDocument code.
Package caption Info: subfig package v1.3 is loaded.
Package caption Info: End \AtBeginDocument code.
LaTeX Font Info:    External font `cmex10' loaded for size
(Font)              <7> on input line 113.
LaTeX Font Info:    External font `cmex10' loaded for size
(Font)              <5> on input line 113.
LaTeX Font Info:    External font `cmex10' loaded for size
(Font)              <8> on input line 122.
LaTeX Font Info:    External font `cmex10' loaded for size
(Font)              <6> on input line 122.

Overfull \hbox (1.04344pt too wide) in paragraph at lines 154--156
[]\OT1/cmr/m/n/10 The re-la-tion-ship be-tween the mean ZW am-pli-tude and QS a
m-pli-tude yields an 
 []

[1{/home/elio/.TinyTeX/texmf-var/fonts/map/pdftex/updmap/pdftex.map}]

LaTeX Font Warning: Font shape `OT1/cmr/m/n' in size <10.5> not available
(Font)              size <10.95> substituted on input line 174.


LaTeX Font Warning: Font shape `OT1/cmr/bx/n' in size <10.5> not available
(Font)              size <10.95> substituted on input line 174.


Overfull \hbox (7.54344pt too wide) in paragraph at lines 176--181
[]\OT1/cmr/m/n/10 Zonal asym-me-tries of ex-tra-t-rop-i-cal cir-cu-la-tion in t
he South-ern Hemi-sphere (here- 
 []


Overfull \hbox (5.8768pt too wide) in paragraph at lines 176--181
\OT1/cmr/m/n/10 after called as ``plan-e-tary waves'') strongly mod-u-late weat
her sys-tems and re-gional cli- 
 []


Overfull \hbox (5.40479pt too wide) in paragraph at lines 176--181
\OT1/cmr/m/n/10 mate through lat-i-tu-di-nal trans-port of heat, hu-mid-ity, an
d mo-men-tum (REFS), and by 
 []


Overfull \hbox (15.87663pt too wide) in paragraph at lines 182--194
[]\OT1/cmr/m/n/10 In Rossby wave the-ory, sta-tion-ary waves are those with zer
o fre-quency or phase ve- 
 []


Overfull \hbox (31.62685pt too wide) in paragraph at lines 182--194
\OT1/cmr/m/n/10 loc-ity (Holton & Hakim, 2012). In prac-tice, how-ever, most st
ud-ies have as-sumed the ``quasi- 
 []


Overfull \hbox (19.15466pt too wide) in paragraph at lines 182--194
\OT1/cmr/m/n/10 stationary'' na-ture of south-ern hemi-sphere plan-e-tary waves
 based on van Loon and Jenne 
 []


Overfull \hbox (4.51588pt too wide) in paragraph at lines 182--194
\OT1/cmr/m/n/10 (1972). In this foun-da-tional study, the au-thors an-a-lyzed d
ata from 1957 and 1958 and 
 []


Overfull \hbox (19.79353pt too wide) in paragraph at lines 182--194
\OT1/cmr/m/n/10 found that while ex-tra-t-rop-i-cal waves with wavenum-ber 1 to
 6 had com-pa-ra-ble am-pli-tudes 
 []


Overfull \hbox (0.62686pt too wide) in paragraph at lines 182--194
\OT1/cmr/m/n/10 in daily fields, only wavenum-bers 1 and 3 con-tributed sig-nif
-i-cantly to the cli-ma-to-log-i- 
 []


Overfull \hbox (5.26567pt too wide) in paragraph at lines 182--194
\OT1/cmr/m/n/10 cal field. From that, they con-cluded that only waves 1 and 3 r
e-curr con-sis-tently in the 
 []


Overfull \hbox (12.65468pt too wide) in paragraph at lines 182--194
\OT1/cmr/m/n/10 same lo-ca-tion and thus have a sig-nif-i-cant quasi-stationary
 com-po-nent on top of a ``mov- 
 []


Overfull \hbox (5.4324pt too wide) in paragraph at lines 182--194
\OT1/cmr/m/n/10 ing'' com-po-nent. This was a qual-i-ta-tive con-clu-sion and t
o our knowl-edge no study has 
 []


Overfull \hbox (9.57132pt too wide) in paragraph at lines 195--201
[]\OT1/cmr/m/n/10 After more than four decades from the pub-li-ca-tion of van L
oon and Jenne (1972), 
 []


Overfull \hbox (24.82135pt too wide) in paragraph at lines 195--201
\OT1/cmr/m/n/10 and con-sid-er-ing the cur-rent avail-abil-ity of dif-fer-ent g
lobal re-anal-y-sis datasets, in this study 
 []


Overfull \hbox (4.37672pt too wide) in paragraph at lines 195--201
\OT1/cmr/m/n/10 we as-sess the sta-tion-ar-ity fea-tures of plan-e-tary waves i
n the south-ern hemi-sphere, and 
 []


Overfull \hbox (9.48805pt too wide) in paragraph at lines 195--201
\OT1/cmr/m/n/10 ex-tends van Loon and Jenne (1972)'s method-ol-ogy into a quan-
ti-ta-tive mea-sure of plan- 
 []


Overfull \hbox (9.0245pt too wide) in paragraph at lines 206--210
[]\OT1/cmr/m/n/10 We de-fine \OT1/cmr/m/it/10 plan-e-tary waves \OT1/cmr/m/n/10
 as waves that ex-tend along a full lat-i-tude cir-cle. \OT1/cmr/m/it/10 Zonal 

 []


Overfull \hbox (18.14102pt too wide) in paragraph at lines 206--210
\OT1/cmr/m/it/10 waves \OT1/cmr/m/n/10 (ZW) are plan-e-tary waves of the ``in-s
tan-ta-neous'' fields and \OT1/cmr/m/it/10 quasi-stationary waves 
 []

[2]
Overfull \hbox (13.5099pt too wide) in paragraph at lines 218--222
[]\OT1/cmr/m/n/10 where $k$ is wavenum-ber, $\OML/cmm/m/it/10 ^^U$ \OT1/cmr/m/n
/10 lon-gi-tude, and $[]$ and $\OML/cmm/m/it/10 []$\OT1/cmr/m/n/10 , am-pli-tu
de and phase, re-spec- 
 []


Overfull \hbox (5.84894pt too wide) in paragraph at lines 223--230
[]\OT1/cmr/m/n/10 These def-i-ni-tions de-pend on which are the ``in-stan-ta-ne
ous fields'' and the av-er-ag- 
 []


Overfull \hbox (15.18236pt too wide) in paragraph at lines 223--230
\OT1/cmr/m/n/10 ing time-scales. A dataset of 365 daily mean fields de-fines 36
5 daily zonal waves and one 
 []


Overfull \hbox (8.54352pt too wide) in paragraph at lines 223--230
\OT1/cmr/m/n/10 an-nual quasi-stationary wave but 12 monthly quasi-stationary w
aves (per level and lat- 
 []


Overfull \hbox (1.15462pt too wide) in paragraph at lines 223--230
\OT1/cmr/m/n/10 i-tude). A 30 year dataset of monthly mean fields de-fine 360 m
onthly zonal waves and 
 []


Overfull \hbox (10.32124pt too wide) in paragraph at lines 223--230
\OT1/cmr/m/n/10 one 30-year quasi-stationary wave. Monthly plan-e-tary waves ar
e quasi-stationary waves 
 []


Overfull \hbox (7.68227pt too wide) in paragraph at lines 233--238
[]\OT1/cmr/m/n/10 From the prop-er-ties of the su-per-po-si-tion of waves we ca
n de-duce that, in gen-eral, 
 []


Overfull \hbox (2.4835pt too wide) in paragraph at lines 233--238
\OT1/cmr/m/n/10 the sta-tion-ary phase $\OML/cmm/m/it/10 []$ \OT1/cmr/m/n/10 d
oes not equal $[]$ and the sta-tion-ary am-pli-tude $\OML/cmm/m/it/10 A[]$ \OT1
/cmr/m/n/10 is 
 []


Overfull \hbox (12.05379pt too wide) in paragraph at lines 239--242
[]\OT1/cmr/m/n/10 We use this lat-ter prop-erty and use the quo-tient be-tween 
$\OML/cmm/m/it/10 A[]$ \OT1/cmr/m/n/10 and $[]$ as a mea- 
 []


Overfull \hbox (7.02026pt too wide) in paragraph at lines 249--254
[]\OT1/cmr/m/n/10 For a sam-ple of $\OML/cmm/m/it/10 n$ \OT1/cmr/m/n/10 com-ple
tely ran-dom waves, the ex-pected value of $[]$ is $\OML/cmm/m/it/10 n[]$ \OT1/
cmr/m/n/10 be- 
 []


Overfull \hbox (6.46243pt too wide) in paragraph at lines 249--254
\OT1/cmr/m/n/10 cause the av-er-age am-pli-tude of the sum of $\OML/cmm/m/it/10
 n$ \OT1/cmr/m/n/10 waves with ran-dom phases and mean am- 
 []


Overfull \hbox (0.32343pt too wide) in paragraph at lines 249--254
\OT1/cmr/m/n/10 pli-tude $\OML/cmm/m/it/10 A$ \OT1/cmr/m/n/10 is $\OML/cmm/m/it
/10 An[]$ \OT1/cmr/m/n/10 (Pain, 2005). For com-pletely sta-tion-ary waves $[] 
= 1$ ir-re-spec-tive 
 []


Overfull \hbox (3.4634pt too wide) in paragraph at lines 255--260
[]$[]$ \OT1/cmr/m/n/10 is used --sometimes as $2\OML/cmm/m/it/10 =^^Y [] []$ \O
T1/cmr/m/n/10 (Singer, 1967)-- in the me-te-o-ro-log-i-cal lit- 
 []


Overfull \hbox (0.73788pt too wide) in paragraph at lines 255--260
\OT1/cmr/m/n/10 er-a-ture in the con-text of wind steadi-ness (e.g His-cox, Mil
ler, & Nappo, 2010). To our 
 []


Overfull \hbox (3.90453pt too wide) in paragraph at lines 255--260
\OT1/cmr/m/n/10 knowl-edge this is the first time it has been ap-plied to the s
tudy of at-mo-spheric waves.  
 []


Overfull \hbox (2.87666pt too wide) in paragraph at lines 269--273
[]\OT1/cmr/m/n/10 The nu-mer-a-tor rep-re-sents the sum of the zonal waves am-p
li-tudes pro-jected onto 
 []


Overfull \hbox (3.46013pt too wide) in paragraph at lines 269--273
\OT1/cmr/m/n/10 the di-rec-tion of the quasi-stationary wave. Waves that de-vi-
ate from that di-rec-tion de- 
 []


Underfull \vbox (badness 1122) has occurred while \output is active []

[3]
Overfull \hbox (1.07117pt too wide) in paragraph at lines 274--278
[]\OT1/cmr/m/n/10 We used Equa-tion 4[] to com-pute a time-series of quasi-stat
ionary wave sta-tion-ar- 
 []


Overfull \hbox (11.10335pt too wide) in paragraph at lines 274--278
\OT1/cmr/m/n/10 ity. We first cal-cu-lated $\OML/cmm/m/it/10 []$ \OT1/cmr/m/n/
10 for each month and then, ap-plied Equa-tion 4[] with a 15-year 
 []


Overfull \hbox (9.93234pt too wide) in paragraph at lines 281--287
[]\OT1/cmr/m/n/10 We use monthly geopo-ten-tial fields from the NCEP/NCAR Re-an
al-y-sis (Kalnay et 
 []


Overfull \hbox (26.73802pt too wide) in paragraph at lines 281--287
\OT1/cmr/m/n/10 al.[], 1996) for the pe-riod 1948 to 2017 and com-pute one quas
i-stationary wave for the whole 
 []


Overfull \hbox (11.68236pt too wide) in paragraph at lines 281--287
\OT1/cmr/m/n/10 pe-riod for each month, level and wavenum-ber. Am-pli-tude and 
phase for each wavenum- 
 []


Overfull \hbox (21.32129pt too wide) in paragraph at lines 281--287
\OT1/cmr/m/n/10 ber was es-ti-mated by fit-ting a fourier trans-form for each l
at-i-tude cir-cle, level and monthly 
 []


Package natbib Warning: Citation `R-base' on page 4 undefined on input line 289
.


Package natbib Warning: Citation `R-data.table' on page 4 undefined on input li
ne 290.


Package natbib Warning: Citation `R-metR' on page 4 undefined on input line 290
.


Package natbib Warning: Citation `R-ggplot2' on page 4 undefined on input line 
291.


Overfull \hbox (41.64076pt too wide) in paragraph at lines 288--293
[]\OT1/cmr/m/n/10 We an-a-lyzed the data us-ing the sta-tis-ti-cal pro-gram-min
g lan-guage R (\OT1/cmr/bx/n/10 ?\OT1/cmr/m/n/10 ), us-ing data.table 
 []


Overfull \hbox (9.52953pt too wide) in paragraph at lines 288--293
\OT1/cmr/m/n/10 and metR pack-ages (\OT1/cmr/bx/n/10 ??\OT1/cmr/m/n/10 ) to rea
d and trans-form it and gg-plot2 pack-age (\OT1/cmr/bx/n/10 ?\OT1/cmr/m/n/10 ) 
to make the 
 []


Overfull \hbox (25.87683pt too wide) in paragraph at lines 288--293
\OT1/cmr/m/n/10 plots. The source code is avail-able as Figshare repos-i-tory (
Campitelli, D^^S^^Paz, & Vera, 2019).  
 []

<fig/QS-ZW/rao-1.pdf, id=29, 344.28625pt x 293.095pt>
File: fig/QS-ZW/rao-1.pdf Graphic file (type pdf)
<use fig/QS-ZW/rao-1.pdf>
Package pdftex.def Info: fig/QS-ZW/rao-1.pdf  used on input line 298.
(pdftex.def)             Requested size: 344.2854pt x 293.09427pt.
<fig/QS-ZW/rao-2.pdf, id=30, 340.27126pt x 293.095pt>
File: fig/QS-ZW/rao-2.pdf Graphic file (type pdf)
<use fig/QS-ZW/rao-2.pdf>
Package pdftex.def Info: fig/QS-ZW/rao-2.pdf  used on input line 298.
(pdftex.def)             Requested size: 340.27042pt x 293.09427pt.

Underfull \hbox (badness 10000) in paragraph at lines 302--302
[]\OT1/cmr/m/n/10 Figure  1: |Sea-sonal cy-cle of am-pli-tude of the geopo-ten-
tial plan-e-tary waves 1 to 3 com-
 []


Underfull \hbox (badness 10000) in paragraph at lines 302--302
\OT1/cmr/m/n/10 puted as the am-pli-tude of the mean wave ($\OML/cmm/m/it/10 A[
]$\OT1/cmr/m/n/10 ) and as the mean am-pli-tude of the
 []


LaTeX Warning: Float too large for page by 56.69104pt on input line 303.


LaTeX Warning: `h' float specifier changed to `ht'.


Overfull \hbox (12.25175pt too wide) in paragraph at lines 305--312
[]\OT1/cmr/m/n/10 Figure 1[] shows the sea-sonal cy-cle of the am-pli-tude of p
lan-e-tary waves at 50$[]$S and 
 []


Overfull \hbox (3.75186pt too wide) in paragraph at lines 305--312
\OT1/cmr/m/n/10 50$[]$N us-ing monthly fields from the NCEP/NCAR re-anal-y-sis 
(Kalnay et al.[], 1996) be- 
 []


Overfull \hbox (6.23795pt too wide) in paragraph at lines 305--312
\OT1/cmr/m/n/10 tween 1948 and 2017. We com-puted the left col-umn ($\OML/cmm/m
/it/10 A[]$\OT1/cmr/m/n/10 ) as the am-pli-tude of the av- 
 []


Overfull \hbox (30.1373pt too wide) in paragraph at lines 305--312
\OT1/cmr/m/n/10 er-age geopo-ten-tial field for each month, level and wavenum-b
er, and the right col-umn ($[]$) 
 []


Overfull \hbox (18.48439pt too wide) in paragraph at lines 313--331
[]\OT1/cmr/m/n/10 Figure 1a[] shows that at 50$[]$N for the three wavenum-bers 
$\OML/cmm/m/it/10 A[]$ \OT1/cmr/m/n/10 and $[]$ have a sim- 
 []


Overfull \hbox (17.01563pt too wide) in paragraph at lines 313--331
\OT1/cmr/m/n/10 i-lar sea-sonal cy-cle with sim-i-lar ver-ti-cal ex-tent. In th
e south-ern hemi-sphere, how-ever, this 
 []


Overfull \hbox (16.72408pt too wide) in paragraph at lines 313--331
\OT1/cmr/m/n/10 is true only for wavenum-ber 1 (Fig-ure 1b[]). $\OML/cmm/m/it/1
0 A[]$ \OT1/cmr/m/n/10 is much smaller than $[]$ and its sea- 
 []


Overfull \hbox (3.47408pt too wide) in paragraph at lines 313--331
\OT1/cmr/m/n/10 sonal cy-cle is less de-fined. $\OML/cmm/m/it/10 A[]$ \OT1/cmr/
m/n/10 has a smaller mag-ni-tude than $[]$ end even though 
 []


Overfull \hbox (7.07124pt too wide) in paragraph at lines 313--331
\OT1/cmr/m/n/10 their over-all struc-ture is sim-i-lar (one rel-a-tive max-i-mu
m in February-March in the mid- 
 []


Overfull \hbox (18.48795pt too wide) in paragraph at lines 313--331
\OT1/cmr/m/n/10 dle tro-po-sphere and an-other in July-August that ex-tends to 
the lower strato-sphere), they 
 []


Overfull \hbox (20.33524pt too wide) in paragraph at lines 313--331
\OT1/cmr/m/n/10 dif-fer in the de-tails. $\OML/cmm/m/it/10 A[]$ \OT1/cmr/m/n/10
 has a lo-cal min-i-mum in Novem-ber that is ab-sent in $[]$. The 
 []


Overfull \hbox (7.26572pt too wide) in paragraph at lines 313--331
\OT1/cmr/m/n/10 rel-a-tive con-tri-bu-tion of each wavenum-ber is also dif-fer-
ent. While $[]$ dom-i-nates over 
 []


Overfull \hbox (1.02968pt too wide) in paragraph at lines 313--331
[]$ \OT1/cmr/m/n/10 in the strato-sphere and is of sim-i-lar mag-ni-tude in the
 tro-po-sphere, $\OML/cmm/m/it/10 A[]$ \OT1/cmr/m/n/10 dom-i- 
 []


Overfull \hbox (35.08519pt too wide) in paragraph at lines 313--331
\OT1/cmr/m/n/10 nates over $\OML/cmm/m/it/10 A[]$ \OT1/cmr/m/n/10 through-out t
he year and in ev-ery level ex-cept in the afore-men-tioned Novem- 
 []

[4]
<fig/QS-ZW/stationarity-1.pdf, id=34, 344.28625pt x 291.0875pt>
File: fig/QS-ZW/stationarity-1.pdf Graphic file (type pdf)
<use fig/QS-ZW/stationarity-1.pdf>
Package pdftex.def Info: fig/QS-ZW/stationarity-1.pdf  used on input line 334.
(pdftex.def)             Requested size: 344.2854pt x 291.08678pt.

LaTeX Warning: `h' float specifier changed to `ht'.


Overfull \hbox (3.39052pt too wide) in paragraph at lines 341--346
[]\OT1/cmr/m/n/10 These ob-ser-va-tions are quan-ti-fied in Fig-ure 2[], which 
shows $[]$ for wavenum-bers 1 
 []


Overfull \hbox (5.98792pt too wide) in paragraph at lines 341--346
\OT1/cmr/m/n/10 to 3 com-puted us-ing Equa-tion 3[] at 50$[]$N and 50$[]$S. We 
sep-a-rate be-tween high and low 
 []


Overfull \hbox (3.72403pt too wide) in paragraph at lines 347--350
[]\OT1/cmr/m/n/10 At 50$[]$N plan-e-tary waves 1, 2 and 3 are highly sta-tion-a
ry in al-most ev-ery month 
 []


Overfull \hbox (4.79341pt too wide) in paragraph at lines 351--356
[]\OT1/cmr/m/n/10 In the south-ern hemi-sphere, plan-e-tary wave 2 sta-tion-ar-
ity has a semi-an-ual cy-cle. 
 []


Overfull \hbox (7.87683pt too wide) in paragraph at lines 351--356
\OT1/cmr/m/n/10 It reaches its max-i-mum in April and in August-September, plum
-met-ing to a deep min- 
 []


Overfull \hbox (14.29349pt too wide) in paragraph at lines 351--356
\OT1/cmr/m/n/10 i-mum in June. Plan-e-tary wave 3 sta-tion-ar-ity peaks in Febr
u-ary and slowly de-creases to- 
 []

<fig/QS-ZW/s-timeseries-1.pdf, id=35, 345.29pt x 303.1325pt>
File: fig/QS-ZW/s-timeseries-1.pdf Graphic file (type pdf)
<use fig/QS-ZW/s-timeseries-1.pdf>
Package pdftex.def Info: fig/QS-ZW/s-timeseries-1.pdf  used on input line 359.
(pdftex.def)             Requested size: 345.28914pt x 303.13176pt.

LaTeX Warning: `h' float specifier changed to `ht'.


Overfull \hbox (8.58498pt too wide) in paragraph at lines 366--372
[]\OT1/cmr/m/n/10 Because we com-puted $[]$ us-ing the whole pe-riod, it rep-re
-sents the mean sta-tion-ar- 
 []


Overfull \hbox (16.65453pt too wide) in paragraph at lines 366--372
\OT1/cmr/m/n/10 ity be-tween. Fig-ure 3[] shows how plan-e-tary wave sta-tion-a
r-ity changed for each wavenum- 
 []


Overfull \hbox (28.57132pt too wide) in paragraph at lines 366--372
\OT1/cmr/m/n/10 ber at each lat-i-tude. Plan-e-tary wave sta-tion-ar-ity re-mai
ned high and con-stant for wavenum- 
 []


Overfull \hbox (7.50177pt too wide) in paragraph at lines 366--372
\OT1/cmr/m/n/10 bers 1 to 3 at 50$[]$N and 1 at 50$[]$S but wavenum-bers 2 and 
3 at 50$[]$S show in-ter-decadal 
 []


Overfull \hbox (4.01573pt too wide) in paragraph at lines 373--381
[]\OT1/cmr/m/n/10 Planetary wave 2 sta-tion-ar-ity os-cil-lated around 0.49 wit
h max-i-mums in the 50's, 
 []


Overfull \hbox (7.07129pt too wide) in paragraph at lines 373--381
\OT1/cmr/m/n/10 70's and 00's. Plan-e-tary wave 3 sta-tion-ar-ity jumped from z
ero to more than 0.5 in less 
 []


Overfull \hbox (0.71019pt too wide) in paragraph at lines 373--381
\OT1/cmr/m/n/10 than five years in the 50's and then os-cil-lated around 0.62 w
ith a strong max-i-mum in 
 []


Overfull \hbox (1.32117pt too wide) in paragraph at lines 373--381
\OT1/cmr/m/n/10 the late 80's. These could in-di-cate in-ho-mo-geneities caused
 by changes in the ob-ser-va- 
 []


Overfull \hbox (0.26572pt too wide) in paragraph at lines 373--381
\OT1/cmr/m/n/10 tional net-work --routine satel-lite ob-ser-va-tions be-gan in 
1979-- but the ab-sense of sim-i- 
 []


Overfull \hbox (17.71004pt too wide) in paragraph at lines 373--381
\OT1/cmr/m/n/10 lar breaks for wavenum-bers 1 or 2 sug-gest they rep-re-sent re
al changes in the at-mo-spheric 
 []


Overfull \hbox (15.82121pt too wide) in paragraph at lines 384--389
[]\OT1/cmr/m/n/10 Using a quan-ti-ta-tive mea-sure of plan-e-tary wave sta-tion
-ar-ity we showed that, in the 
 []


Overfull \hbox (1.65462pt too wide) in paragraph at lines 384--389
\OT1/cmr/m/n/10 south-ern hemi-sphere, plan-e-tary wave 1 sta-tion-ar-ity is hi
gh and con-stant throught the 
 []


Overfull \hbox (32.21019pt too wide) in paragraph at lines 384--389
\OT1/cmr/m/n/10 year and pe-riod, while waves 2 and 3 vary both in in-trasea-so
nal and in-ter-decadal timescales. 
 []


Overfull \hbox (10.0712pt too wide) in paragraph at lines 390--399
[]\OT1/cmr/m/n/10 Plentary waves can be both forced by the sur-face and ex-cite
d by in-ter-nal vari-abil- 
 []


Overfull \hbox (14.29341pt too wide) in paragraph at lines 390--399
\OT1/cmr/m/n/10 ity. As-sum-ing that the later pro-cess will not re-sult in a p
hase pref-er-ence, higher sta-tion- 
 []


Overfull \hbox (5.15456pt too wide) in paragraph at lines 390--399
\OT1/cmr/m/n/10 ar-ity would be ev-i-dence of stronger forc-ing or, more strict
ly, stronger forc-ing re-sponse. 
 []


Overfull \hbox (1.04352pt too wide) in paragraph at lines 390--399
\OT1/cmr/m/n/10 In the northen hemi-sphere, to-pog-ra-phy and ther-mal con-tras
t are the main forc-ings of 
 []


Overfull \hbox (2.93242pt too wide) in paragraph at lines 390--399
\OT1/cmr/m/n/10 plen-tary waves, which ex-plains their highly and not vari-able
 sta-tion-ary na-ture. In the 
 []


Overfull \hbox (19.51567pt too wide) in paragraph at lines 390--399
\OT1/cmr/m/n/10 south-ern hemi-sphere, only plan-e-tary wave 1 seems to be the 
re-sult of mainly sur-face forc- 
 []


Overfull \hbox (18.65462pt too wide) in paragraph at lines 390--399
\OT1/cmr/m/n/10 ings. Plan-e-tary waves 2 and 3 seem to be com-posed of a com-p
a-ra-ble mix of in-ter-nal vari- 
 []


Underfull \vbox (badness 10000) has occurred while \output is active []

[5]
Overfull \hbox (0.7935pt too wide) in paragraph at lines 400--404
[]\OT1/cmr/m/n/10 Interanual and in-tradecadal vari-abil-ity in plan-e-tary wav
e sta-tion-ar-ity may serve 
 []


Overfull \hbox (2.87677pt too wide) in paragraph at lines 400--404
\OT1/cmr/m/n/10 to study vari-abil-ity in sur-face forc-ing re-sponse cause ei-
ther by the strengh of the forc- 
 []


Overfull \hbox (14.29352pt too wide) in paragraph at lines 409--416
[]\OT1/cmr/m/n/10 xxxx The lit-er-a-ture on the topic is dom-i-nated by two mai
n method-olo-gies that im- 
 []


Overfull \hbox (4.6546pt too wide) in paragraph at lines 409--416
\OT1/cmr/m/n/10 ply dif-fer-net def-i-ni-tions: some stud-ies have de-fined pla
n-e-tary waves by re-mov-ing zonal 
 []


Overfull \hbox (4.54352pt too wide) in paragraph at lines 409--416
\OT1/cmr/m/n/10 av-er-ages from time-mean fields (e.g. van Loon & Jenne, 1972, 
Quin-ta-nar and Me-choso 
 []


Overfull \hbox (11.3213pt too wide) in paragraph at lines 409--416
\OT1/cmr/m/n/10 (1995), Raphael (2004)) while oth-ers de-fined them by re-mov-i
ng zonal av-er-ages from the 
 []


Overfull \hbox (10.62686pt too wide) in paragraph at lines 409--416
\OT1/cmr/m/n/10 in-stan-ta-neous (e.g. daily, monthly or sea-sonal) fields (e.g
. Rao, Fer-nan-dez, & Fran-chito, 
 []


Overfull \hbox (13.01585pt too wide) in paragraph at lines 409--416
\OT1/cmr/m/n/10 2004, Turner, Hosk-ing, Brace-gir-dle, Phillips, and Mar-shall 
(2017), Irv-ing and Sim-monds 
 []


Overfull \hbox (15.29337pt too wide) in paragraph at lines 417--423
[]\OT1/cmr/m/n/10 First, re-searchers should be aware of which phe-nom-ena they
 want to study and use 
 []


Overfull \hbox (5.34908pt too wide) in paragraph at lines 417--423
\OT1/cmr/m/n/10 the ap-pro-pri-ate meth-ods. The mean am-pli-tude of zonal wave
s could be ap-pro-pri-ate to 
 []


Overfull \hbox (11.8213pt too wide) in paragraph at lines 417--423
\OT1/cmr/m/n/10 study the ver-ti-cal prop-a-ga-tion of Rossby waves, for ex-am-
ple. But zonal wave am-pli-tude 
 []


Overfull \hbox (15.76566pt too wide) in paragraph at lines 417--423
\OT1/cmr/m/n/10 could lead to mis-lead-ing re-sults if used as the ba-sis of lo
-cal im-pacts stud-ies be-cause they 
 []


Overfull \hbox (26.07123pt too wide) in paragraph at lines 424--430
[]\OT1/cmr/m/n/10 Secondly, com-par-i-son be-tween re-sults should also be made
 hav-ing this is-sues in mind. 
 []


Overfull \hbox (7.73802pt too wide) in paragraph at lines 424--430
\OT1/cmr/m/n/10 For in-stance, Irv-ing and Sim-monds (2015) com-pare their plan
-e-tary wave ac-tiv-ity in-dex 
 []


Overfull \hbox (20.71014pt too wide) in paragraph at lines 424--430
\OT1/cmr/m/n/10 with Raphael (2004)'s wave 3 in-dex and con-clude that the late
r can-not ac-count for events 
 []


Overfull \hbox (4.5435pt too wide) in paragraph at lines 424--430
\OT1/cmr/m/n/10 with waves far re-moved from their cli-ma-to-log-i-cal po-si-ti
on. How-ever, be-ing an in-dex of 
 []


Overfull \hbox (10.12677pt too wide) in paragraph at lines 431--437
[]\OT1/cmr/m/n/10 Although hav-ing a con-sis-tent nomen-cla-ture across pa-pers
 is im-por-tant, we be-lieve 
 []


Overfull \hbox (5.5157pt too wide) in paragraph at lines 431--437
\OT1/cmr/m/n/10 this prob-lem can be ame-lio-rated by re-searchers de-tail-ing 
their def-i-ni-tions and method- 
 []


Overfull \hbox (4.12682pt too wide) in paragraph at lines 431--437
\OT1/cmr/m/n/10 ol-ogy. This is also good for clar-ity and re-pro-ducibil-ity. 
Since plan-e-tary waves are gen- 
 []


Overfull \hbox (18.01564pt too wide) in paragraph at lines 431--437
\OT1/cmr/m/n/10 er-ally more sta-tion-ary in the north-ern hemi-sphere, these i
s-sues are more crit-i-cal for stud- 
 []


Underfull \vbox (badness 10000) has occurred while \output is active []

[6]
Overfull \hbox (6.07126pt too wide) in paragraph at lines 438--444
[]\OT1/cmr/m/n/10 Thirdly, the ex-plo-rations of both ZW and QS can lead to nov
el lev-els of anal-y-sis. 
 []


Overfull \hbox (25.57118pt too wide) in paragraph at lines 438--444
\OT1/cmr/m/n/10 Here, we showed it can be used to de-fine a met-ric of sta-tion
-ar-ity of quasi-stationary waves, 
 []


Overfull \hbox (4.5157pt too wide) in paragraph at lines 438--444
\OT1/cmr/m/n/10 but other ap-pli-ca-tions are also pos-si-ble. Smith and Kush-n
er (2012) used the phase re- 
 []


Overfull \hbox (11.15454pt too wide) in paragraph at lines 438--444
\OT1/cmr/m/n/10 la-tion-ship be-tween ZW1 and QS1 to show that lin-ear in-ter-f
er-ence be-tween the QS1 and 
 []


Overfull \hbox (6.18231pt too wide) in paragraph at lines 447--454
[]\OT1/cmr/m/n/10 We spec-u-late that the level of sta-tion-ar-ity re-sponds to
 the na-ture of the forc-ings. 
 []


Overfull \hbox (7.71024pt too wide) in paragraph at lines 447--454
\OT1/cmr/m/n/10 Higly sta-tion-ary plan-e-tary waves are ex-plained mainly by s
ta-tion-ary forc-ings while low 
 []


Overfull \hbox (7.73802pt too wide) in paragraph at lines 447--454
\OT1/cmr/m/n/10 sta-tion-ary plan-e-tary waves re-spond mainly to the in-ter-na
l vari-a-tion of the at-mo-sphere. 
 []


Overfull \hbox (16.37675pt too wide) in paragraph at lines 447--454
\OT1/cmr/m/n/10 This sug-gests that in the south-ern mid-lat-i-tudes, wave 2 an
d 3 con-sist of forced re-sponses 
 []


Overfull \hbox (11.59906pt too wide) in paragraph at lines 447--454
\OT1/cmr/m/n/10 mixed with in-ter-nat vari-abil-ity. Their an-nual cy-cle fur-t
her sug-gests that the mean state 
 []

(./QS-ZW.bbl
Underfull \hbox (badness 3724) in paragraph at lines 16--33
[]\OT1/cmr/m/n/10 Campitelli, E., D^^S^^Paz, L., & Vera, C.  (2019).  \OT1/cmr/
m/it/10 How sta-tion-ary are plan-e-tary waves 
 []


Underfull \hbox (badness 10000) in paragraph at lines 47--67
\OT1/cmr/m/n/10 in a sta-ble bound-ary layer.  \OT1/cmr/m/it/10 Jour-nal of Geo
-phys-i-cal Re-search: At-mo-spheres\OT1/cmr/m/n/10 , 
 []


Underfull \hbox (badness 10000) in paragraph at lines 47--67
\OT1/cmr/m/it/10 115\OT1/cmr/m/n/10 (D21).  Re-trieved from $\OT1/cmtt/m/n/10 h
ttps :// agupubs [] .onlinelibrary [] .wiley [] .com / 
 []


Underfull \hbox (badness 5893) in paragraph at lines 107--127
[]\OT1/cmr/m/n/10 Irving, D., & Sim-monds, I.  (2015, dec).  A novel ap-proach 
to di-ag-nos-ing South- 
 []


Underfull \hbox (badness 10000) in paragraph at lines 107--127
\OT1/cmr/m/n/10 ern Hemi-sphere plan-e-tary wave ac-tiv-ity and its in-flu-ence
 on re-gional cli- 
 []


Underfull \hbox (badness 10000) in paragraph at lines 107--127
\OT1/cmr/m/n/10 mate vari-abil-ity.  \OT1/cmr/m/it/10 Jour-nal of Cli-mate\OT1/
cmr/m/n/10 , \OT1/cmr/m/it/10 28\OT1/cmr/m/n/10 (23), 9041--9057.  Re-trieved f
rom 
 []


Underfull \hbox (badness 10000) in paragraph at lines 107--127
\OT1/cmtt/m/n/10 http :// journals [] .ametsoc [] .org / doi / 10 [] .1175 / JC
LI [] -D [] -15 [] -0287 [] .1$   \OT1/cmr/m/n/10 doi: 
 []


Underfull \hbox (badness 10000) in paragraph at lines 139--160
[]\OT1/cmr/m/n/10 Kalnay, E., Kana-mitsu, M., Kistler, R., Collins, W., Deaven,
 D., Gandin, L., 
 []


Underfull \hbox (badness 10000) in paragraph at lines 139--160
\OT1/cmr/m/n/10 ... Joseph, D.  (1996).  The NCEP/NCAR 40-year re-anal-y-sis pr
oject. 
 []


Underfull \hbox (badness 10000) in paragraph at lines 139--160
\OT1/cmr/m/it/10 Bul-letin of the Amer-i-can Me-te-o-ro-log-i-cal So-ci-ety\OT1
/cmr/m/n/10 , \OT1/cmr/m/it/10 77\OT1/cmr/m/n/10 (3), 437--471.  doi: 
 []


Underfull \vbox (badness 2269) has occurred while \output is active []

[7]
Underfull \hbox (badness 2970) in paragraph at lines 256--272
[]\OT1/cmr/m/n/10 Raphael, M. N.  (2004, dec).  A zonal wave 3 in-dex for the S
outh-ern Hemi-sphere. 
 []


Underfull \hbox (badness 6268) in paragraph at lines 284--302
\OT1/cmr/m/it/10 6\OT1/cmr/m/n/10 (6), 1033--1038.  Re-trieved from $\OT1/cmtt/
m/n/10 http :// journals [] .ametsoc [] .org / doi / abs / 
 []


Underfull \hbox (badness 10000) in paragraph at lines 284--302
\OT1/cmtt/m/n/10 10 [] .1175 / 1520 [] -0450{\ % }281967{\ % }29006{\ % }3C1033
{\ % }3ASOTW{\ % }3E2 [] .0 [] 
 []


Underfull \hbox (badness 3861) in paragraph at lines 316--332
\OT1/cmr/m/n/10 tra-t-rop-i-cal stratosphere-troposphere in-ter-ac-tions.  \OT1
/cmr/m/it/10 Jour-nal of Geo-phys-i-cal Re- 
 []


Underfull \hbox (badness 10000) in paragraph at lines 346--365
[]\OT1/cmr/m/n/10 Trenberth, K. E., & Mo, K. C.  (1985).  Block-ing in the Sout
h-ern Hemi- 
 []


Underfull \hbox (badness 8000) in paragraph at lines 346--365
\OT1/cmr/m/n/10 sphere.  \OT1/cmr/m/it/10 Monthly Weather Re-view\OT1/cmr/m/n/1
0 , \OT1/cmr/m/it/10 113\OT1/cmr/m/n/10 (1), 3--21.  Re-trieved from $\OT1/cmtt
/m/n/10 http :// 
 []


Underfull \hbox (badness 10000) in paragraph at lines 346--365
\OT1/cmtt/m/n/10 journals [] .ametsoc [] .org / doi / abs / 10 [] .1175 / 1520 
[] -0493{\ % }281985{\ % 
 []


Underfull \hbox (badness 10000) in paragraph at lines 346--365
\OT1/cmtt/m/n/10 }29113{\ % }3C0003{\ % }3ABITSH{\ % }3E2 [] .0 [] .CO{\ % }3B2
$   \OT1/cmr/m/n/10 doi: $10 [] .1175 / 
 []


Underfull \hbox (badness 10000) in paragraph at lines 381--400
\OT1/cmr/m/n/10 Vari-abil-ity and trends in the South-ern Hemi-sphere high lat-
i-tude, quasi- 
 []


Underfull \hbox (badness 10000) in paragraph at lines 381--400
\OT1/cmr/m/n/10 stationary plan-e-tary waves.  \OT1/cmr/m/it/10 In-ter-na-tiona
l Jour-nal of Cli-ma-tol-ogy\OT1/cmr/m/n/10 , \OT1/cmr/m/it/10 37\OT1/cmr/m/n/1
0 (5), 
 []

)

Package natbib Warning: There were undefined citations.

[8] [9 <./fig/QS-ZW/rao-1.pdf> <./fig/QS-ZW/rao-2.pdf>] [10 <./fig/QS-ZW/statio
narity-1.pdf>] [11 <./fig/QS-ZW/s-timeseries-1.pdf>] (./QS-ZW.aux)

LaTeX Font Warning: Size substitutions with differences
(Font)              up to 0.45pt have occurred.

 ) 
Here is how much of TeX's memory you used:
 4746 strings out of 494585
 70048 string characters out of 6177664
 150641 words of memory out of 5000000
 8302 multiletter control sequences out of 15000+600000
 9028 words of font info for 33 fonts, out of 8000000 for 9000
 20 hyphenation exceptions out of 8191
 50i,10n,49p,332b,417s stack positions out of 5000i,500n,10000p,200000b,80000s
</home/elio/.TinyTeX/texmf-dist/fonts/type1/public/amsfonts/cm/cmbx10.pfb></h
ome/elio/.TinyTeX/texmf-dist/fonts/type1/public/amsfonts/cm/cmbx12.pfb></home/e
lio/.TinyTeX/texmf-dist/fonts/type1/public/amsfonts/cm/cmex10.pfb></home/elio/.
TinyTeX/texmf-dist/fonts/type1/public/amsfonts/cm/cmmi10.pfb></home/elio/.TinyT
eX/texmf-dist/fonts/type1/public/amsfonts/cm/cmmi7.pfb></home/elio/.TinyTeX/tex
mf-dist/fonts/type1/public/amsfonts/cm/cmr10.pfb></home/elio/.TinyTeX/texmf-dis
t/fonts/type1/public/amsfonts/cm/cmr6.pfb></home/elio/.TinyTeX/texmf-dist/fonts
/type1/public/amsfonts/cm/cmr7.pfb></home/elio/.TinyTeX/texmf-dist/fonts/type1/
public/amsfonts/cm/cmr8.pfb></home/elio/.TinyTeX/texmf-dist/fonts/type1/public/
amsfonts/cm/cmr9.pfb></home/elio/.TinyTeX/texmf-dist/fonts/type1/public/amsfont
s/cm/cmss8.pfb></home/elio/.TinyTeX/texmf-dist/fonts/type1/public/amsfonts/cm/c
msy10.pfb></home/elio/.TinyTeX/texmf-dist/fonts/type1/public/amsfonts/cm/cmsy5.
pfb></home/elio/.TinyTeX/texmf-dist/fonts/type1/public/amsfonts/cm/cmsy6.pfb></
home/elio/.TinyTeX/texmf-dist/fonts/type1/public/amsfonts/cm/cmsy7.pfb></home/e
lio/.TinyTeX/texmf-dist/fonts/type1/public/amsfonts/cm/cmti10.pfb></home/elio/.
TinyTeX/texmf-dist/fonts/type1/public/amsfonts/cm/cmti9.pfb></home/elio/.TinyTe
X/texmf-dist/fonts/type1/public/amsfonts/cm/cmtt10.pfb></home/elio/.TinyTeX/tex
mf-dist/fonts/type1/public/amsfonts/cm/cmtt9.pfb>
Output written on QS-ZW.pdf (11 pages, 357830 bytes).
PDF statistics:
 152 PDF objects out of 1000 (max. 8388607)
 106 compressed objects within 2 object streams
 0 named destinations out of 1000 (max. 500000)
 21 words of extra memory for PDF output out of 10000 (max. 10000000)

